#
# A fatal error has been detected by the Java Runtime Environment:
#
#  EXCEPTION_ACCESS_VIOLATION (0xc0000005) at pc=0x0000000067bc477c, pid=34432, tid=0x0000000000008fb8
#
# JRE version: Java(TM) SE Runtime Environment (8.0_151-b12) (build 1.8.0_151-b12)
# Java VM: Java HotSpot(TM) 64-Bit Server VM (25.151-b12 mixed mode windows-amd64 compressed oops)
# Problematic frame:
# V  [jvm.dll+0x4a477c]
#
# Failed to write core dump. Minidumps are not enabled by default on client versions of Windows
#
# If you would like to submit a bug report, please visit:
#   http://bugreport.java.com/bugreport/crash.jsp
#

---------------  T H R E A D  ---------------

Current thread (0x000000000f8df800):  JavaThread "C2 CompilerThread2" daemon [_thread_in_native, id=36792, stack(0x00000000102a0000,0x00000000103a0000)]

siginfo: ExceptionCode=0xc0000005, reading address 0x0000002014510cf8

Registers:
RAX=0x00000000208bc440, RBX=0x0000000000000008, RCX=0x0000000000000000, RDX=0x0000002014510cd0
RSP=0x000000001039c170, RBP=0x000000001039c219, RSI=0x0000000000000002, RDI=0x0000000014efd2c8
R8 =0x0000000014efd4b0, R9 =0x0000000000000003, R10=0x000000000000001c, R11=0x0000000016a2a280
R12=0x00000000126653c0, R13=0x000000001039c420, R14=0x00000000126653b0, R15=0x0000000000000010
RIP=0x0000000067bc477c, EFLAGS=0x0000000000010202

Top of Stack: (sp=0x000000001039c170)
0x000000001039c170:   0000000000000038 0000000012665500
0x000000001039c180:   0000000000000007 0000000014efe750
0x000000001039c190:   000000001039c2c8 0000000014efdd40
0x000000001039c1a0:   000000001039c308 0000000016a29308
0x000000001039c1b0:   0000000000000007 0000000000000008
0x000000001039c1c0:   000000000d9e8bc0 0000000000000004
0x000000001039c1d0:   0000000014250830 0000000000000000
0x000000001039c1e0:   0000000000000000 000000021039c400
0x000000001039c1f0:   0000000016b05980 0000000000000000
0x000000001039c200:   0000000011558c80 000000000d9e8bc0
0x000000001039c210:   0000000000000004 0000000014250810
0x000000001039c220:   0000000000000000 000000001265fa70
0x000000001039c230:   0000000000000000 000000001222fa80
0x000000001039c240:   0000000000000000 0000000000000098
0x000000001039c250:   00000000000004c0 000000001039c420
0x000000001039c260:   000000000d9e8bc0 0000000012235e10 

Instructions: (pc=0x0000000067bc477c)
0x0000000067bc475c:   01 0f 84 e0 00 00 00 8b 47 1c 45 33 c9 85 c0 74
0x0000000067bc476c:   2f 4c 8b 47 08 44 8b d0 49 8b 10 48 85 d2 74 17
0x0000000067bc477c:   8b 4a 28 49 8b 45 68 4c 39 34 c8 75 0a 48 83 7a
0x0000000067bc478c:   10 00 74 03 41 ff c1 49 83 c0 08 49 ff ca 75 d8 


Register to memory mapping:

RAX=0x00000000208bc440 is an unknown value
RBX=0x0000000000000008 is an unknown value
RCX=0x0000000000000000 is an unknown value
RDX=0x0000002014510cd0 is an unknown value
RSP=0x000000001039c170 is pointing into the stack for thread: 0x000000000f8df800
RBP=0x000000001039c219 is pointing into the stack for thread: 0x000000000f8df800
RSI=0x0000000000000002 is an unknown value
RDI=0x0000000014efd2c8 is an unknown value
R8 =0x0000000014efd4b0 is an unknown value
R9 =0x0000000000000003 is an unknown value
R10=0x000000000000001c is an unknown value
R11=0x0000000016a2a280 is an unknown value
R12=0x00000000126653c0 is an unknown value
R13=0x000000001039c420 is pointing into the stack for thread: 0x000000000f8df800
R14=0x00000000126653b0 is an unknown value
R15=0x0000000000000010 is an unknown value


Stack: [0x00000000102a0000,0x00000000103a0000],  sp=0x000000001039c170,  free space=1008k
Native frames: (J=compiled Java code, j=interpreted, Vv=VM code, C=native code)
V  [jvm.dll+0x4a477c]
V  [jvm.dll+0x48bfe8]
V  [jvm.dll+0x48cbea]
V  [jvm.dll+0x47401c]
V  [jvm.dll+0x476a07]
V  [jvm.dll+0x459422]
V  [jvm.dll+0xa5be2]
V  [jvm.dll+0xa651f]
V  [jvm.dll+0x244adf]
V  [jvm.dll+0x29c3ea]
C  [msvcr100.dll+0x21d9f]
C  [msvcr100.dll+0x21e3b]
C  [KERNEL32.DLL+0x12774]
C  [ntdll.dll+0x70d51]


Current CompileTask:
C2:  96859 15014       4       sjsonnew.CollectionFormats$$anon$2::read (142 bytes)


---------------  P R O C E S S  ---------------

Java Threads: ( => current thread )
  0x000000001163f000 JavaThread "pool-7-thread-10" [_thread_blocked, id=14860, stack(0x00000000225a0000,0x00000000226a0000)]
  0x000000001163e800 JavaThread "pool-7-thread-9" [_thread_blocked, id=23524, stack(0x00000000224a0000,0x00000000225a0000)]
  0x0000000011645000 JavaThread "pool-7-thread-8" [_thread_blocked, id=18100, stack(0x00000000223a0000,0x00000000224a0000)]
  0x0000000011644800 JavaThread "pool-7-thread-7" [_thread_blocked, id=412, stack(0x00000000222a0000,0x00000000223a0000)]
  0x0000000011643800 JavaThread "pool-7-thread-6" [_thread_blocked, id=15652, stack(0x00000000221a0000,0x00000000222a0000)]
  0x0000000011643000 JavaThread "pool-7-thread-5" [_thread_blocked, id=2376, stack(0x00000000220a0000,0x00000000221a0000)]
  0x0000000011640800 JavaThread "pool-7-thread-4" [_thread_blocked, id=3732, stack(0x0000000021fa0000,0x00000000220a0000)]
  0x000000001163d800 JavaThread "pool-7-thread-3" [_thread_in_Java, id=28864, stack(0x0000000021ea0000,0x0000000021fa0000)]
  0x0000000011640000 JavaThread "pool-7-thread-2" [_thread_blocked, id=27280, stack(0x0000000021da0000,0x0000000021ea0000)]
  0x0000000011642000 JavaThread "pool-7-thread-1" [_thread_blocked, id=33724, stack(0x0000000021ca0000,0x0000000021da0000)]
  0x00000000161af000 JavaThread "Scala Presentation Compiler []" daemon [_thread_blocked, id=28852, stack(0x000000001e750000,0x000000001e850000)]
  0x00000000161ad000 JavaThread "play-dev-mode-akka.io.pinned-dispatcher-6" [_thread_in_native, id=34088, stack(0x000000001db50000,0x000000001dc50000)]
  0x00000000161a4000 JavaThread "play-dev-mode-akka.actor.default-dispatcher-4" [_thread_blocked, id=30788, stack(0x000000001cf50000,0x000000001d050000)]
  0x00000000161aa800 JavaThread "play-dev-mode-akka.actor.default-dispatcher-3" [_thread_blocked, id=14744, stack(0x000000001ce50000,0x000000001cf50000)]
  0x00000000161aa000 JavaThread "play-dev-mode-akka.actor.default-dispatcher-2" [_thread_blocked, id=19000, stack(0x000000001cd50000,0x000000001ce50000)]
  0x00000000161a3000 JavaThread "play-dev-mode-scheduler-1" [_thread_blocked, id=23488, stack(0x000000001cc50000,0x000000001cd50000)]
  0x00000000161a2800 JavaThread "reloader-timer" daemon [_thread_blocked, id=30500, stack(0x000000001cb50000,0x000000001cc50000)]
  0x00000000161a7800 JavaThread "play-watch-service" daemon [_thread_blocked, id=34756, stack(0x000000001ca50000,0x000000001cb50000)]
  0x00000000161a9000 JavaThread "Thread-3" daemon [_thread_in_native, id=26492, stack(0x000000001c950000,0x000000001ca50000)]
  0x00000000161a8800 JavaThread "pool-5-thread-6" [_thread_in_native, id=29644, stack(0x000000001c750000,0x000000001c850000)]
  0x0000000016f5e800 JavaThread "sbt-web-akka.actor.default-dispatcher-2" [_thread_blocked, id=23280, stack(0x000000001c050000,0x000000001c150000)]
  0x0000000016f60800 JavaThread "sbt-web-scheduler-1" [_thread_blocked, id=34048, stack(0x000000001bf50000,0x000000001c050000)]
  0x0000000012bc6000 JavaThread "Log4j2-TF-1-AsyncLogger[AsyncContext@e45f292]-1" daemon [_thread_blocked, id=36768, stack(0x0000000013980000,0x0000000013a80000)]
  0x000000000f978000 JavaThread "Service Thread" daemon [_thread_blocked, id=36612, stack(0x00000000104a0000,0x00000000105a0000)]
  0x000000000f8e2800 JavaThread "C1 CompilerThread3" daemon [_thread_blocked, id=35688, stack(0x00000000103a0000,0x00000000104a0000)]
=>0x000000000f8df800 JavaThread "C2 CompilerThread2" daemon [_thread_in_native, id=36792, stack(0x00000000102a0000,0x00000000103a0000)]
  0x000000000f8db800 JavaThread "C2 CompilerThread1" daemon [_thread_in_native, id=36652, stack(0x00000000101a0000,0x00000000102a0000)]
  0x000000000f8d9000 JavaThread "C2 CompilerThread0" daemon [_thread_in_vm, id=33856, stack(0x00000000100a0000,0x00000000101a0000)]
  0x000000000f8d7800 JavaThread "Attach Listener" daemon [_thread_blocked, id=35952, stack(0x000000000ffa0000,0x00000000100a0000)]
  0x000000000f8d6000 JavaThread "Signal Dispatcher" daemon [_thread_blocked, id=8436, stack(0x000000000fea0000,0x000000000ffa0000)]
  0x00000000033e9000 JavaThread "Finalizer" daemon [_thread_blocked, id=36496, stack(0x000000000fcb0000,0x000000000fdb0000)]
  0x00000000033e8000 JavaThread "Reference Handler" daemon [_thread_blocked, id=30072, stack(0x000000000f7b0000,0x000000000f8b0000)]
  0x000000000314e000 JavaThread "main" [_thread_blocked, id=23376, stack(0x00000000031f0000,0x00000000032f0000)]

Other Threads:
  0x000000000d9e9800 VMThread [stack: 0x000000000f6b0000,0x000000000f7b0000] [id=34860]
  0x000000000f9ab800 WatcherThread [stack: 0x00000000105a0000,0x00000000106a0000] [id=33264]

VM state:not at safepoint (normal execution)

VM Mutex/Monitor currently owned by a thread: None

Heap:
 PSYoungGen      total 115712K, used 49436K [0x00000000f5580000, 0x00000000ffc00000, 0x0000000100000000)
  eden space 62976K, 38% used [0x00000000f5580000,0x00000000f6d5a160,0x00000000f9300000)
  from space 52736K, 47% used [0x00000000fc880000,0x00000000fe0eceb0,0x00000000ffc00000)
  to   space 53760K, 0% used [0x00000000f9300000,0x00000000f9300000,0x00000000fc780000)
 ParOldGen       total 332800K, used 112346K [0x00000000e0000000, 0x00000000f4500000, 0x00000000f5580000)
  object space 332800K, 33% used [0x00000000e0000000,0x00000000e6db6b98,0x00000000f4500000)
 Metaspace       used 134966K, capacity 152200K, committed 152448K, reserved 1181696K
  class space    used 18934K, capacity 19814K, committed 19840K, reserved 1048576K

Card table byte_map: [0x000000000b5f0000,0x000000000b700000] byte_map_base: 0x000000000aef0000

Marking Bits: (ParMarkBitMap*) 0x0000000067f3d850
 Begin Bits: [0x000000000bf00000, 0x000000000c700000)
 End Bits:   [0x000000000c700000, 0x000000000cf00000)

Polling page: 0x0000000000ff0000

CodeCache: size=131072Kb used=34568Kb max_used=34617Kb free=96504Kb
 bounds [0x00000000033f0000, 0x00000000055f0000, 0x000000000b3f0000]
 total_blobs=13082 nmethods=12357 adapters=632
 compilation: enabled

Compilation events (10 events):
Event: 96.798 Thread 0x000000000f8e2800 15030       2       java.util.HashMap::remove (26 bytes)
Event: 96.798 Thread 0x000000000f8e2800 nmethod 15030 0x0000000003c235d0 code [0x0000000003c23740, 0x0000000003c23958]
Event: 96.800 Thread 0x000000000f8e2800 15027       1       java.time.temporal.ValueRange::getMaximum (5 bytes)
Event: 96.800 Thread 0x000000000f8e2800 nmethod 15027 0x0000000003cc3f90 code [0x0000000003cc40e0, 0x0000000003cc41f0]
Event: 96.801 Thread 0x000000000f8e2800 15034   !   2       sun.util.calendar.ZoneInfoFile::getZoneInfo0 (149 bytes)
Event: 96.802 Thread 0x000000000f8e2800 nmethod 15034 0x00000000055e41d0 code [0x00000000055e4420, 0x00000000055e4d98]
Event: 96.803 Thread 0x000000000f8e2800 15033       2       sun.util.calendar.ZoneInfoFile::getZoneInfo (30 bytes)
Event: 96.804 Thread 0x000000000f8e2800 nmethod 15033 0x00000000055e3890 code [0x00000000055e3a40, 0x00000000055e3e38]
Event: 96.805 Thread 0x000000000f8e2800 15031       2       java.util.Arrays::binarySearch (9 bytes)
Event: 96.805 Thread 0x000000000f8e2800 nmethod 15031 0x0000000004c05050 code [0x0000000004c051c0, 0x0000000004c05328]

GC Heap History (10 events):
Event: 96.151 GC heap before
{Heap before GC invocations=28 (full 6):
 PSYoungGen      total 113664K, used 79475K [0x00000000f5580000, 0x0000000100000000, 0x0000000100000000)
  eden space 69120K, 50% used [0x00000000f5580000,0x00000000f77c8dc8,0x00000000f9900000)
  from space 44544K, 99% used [0x00000000f9900000,0x00000000fc4541a8,0x00000000fc480000)
  to   space 56832K, 0% used [0x00000000fc880000,0x00000000fc880000,0x0000000100000000)
 ParOldGen       total 332800K, used 86563K [0x00000000e0000000, 0x00000000f4500000, 0x00000000f5580000)
  object space 332800K, 26% used [0x00000000e0000000,0x00000000e5488d58,0x00000000f4500000)
 Metaspace       used 134952K, capacity 152176K, committed 152448K, reserved 1181696K
  class space    used 18930K, capacity 19810K, committed 19840K, reserved 1048576K
Event: 96.163 GC heap after
Heap after GC invocations=28 (full 6):
 PSYoungGen      total 119808K, used 29142K [0x00000000f5580000, 0x0000000100000000, 0x0000000100000000)
  eden space 62976K, 0% used [0x00000000f5580000,0x00000000f5580000,0x00000000f9300000)
  from space 56832K, 51% used [0x00000000fc880000,0x00000000fe4f5bf0,0x0000000100000000)
  to   space 54784K, 0% used [0x00000000f9300000,0x00000000f9300000,0x00000000fc880000)
 ParOldGen       total 332800K, used 86571K [0x00000000e0000000, 0x00000000f4500000, 0x00000000f5580000)
  object space 332800K, 26% used [0x00000000e0000000,0x00000000e548ad58,0x00000000f4500000)
 Metaspace       used 134952K, capacity 152176K, committed 152448K, reserved 1181696K
  class space    used 18930K, capacity 19810K, committed 19840K, reserved 1048576K
}
Event: 96.163 GC heap before
{Heap before GC invocations=29 (full 7):
 PSYoungGen      total 119808K, used 29142K [0x00000000f5580000, 0x0000000100000000, 0x0000000100000000)
  eden space 62976K, 0% used [0x00000000f5580000,0x00000000f5580000,0x00000000f9300000)
  from space 56832K, 51% used [0x00000000fc880000,0x00000000fe4f5bf0,0x0000000100000000)
  to   space 54784K, 0% used [0x00000000f9300000,0x00000000f9300000,0x00000000fc880000)
 ParOldGen       total 332800K, used 86571K [0x00000000e0000000, 0x00000000f4500000, 0x00000000f5580000)
  object space 332800K, 26% used [0x00000000e0000000,0x00000000e548ad58,0x00000000f4500000)
 Metaspace       used 134952K, capacity 152176K, committed 152448K, reserved 1181696K
  class space    used 18930K, capacity 19810K, committed 19840K, reserved 1048576K
Event: 96.555 GC heap after
Heap after GC invocations=29 (full 7):
 PSYoungGen      total 119808K, used 0K [0x00000000f5580000, 0x0000000100000000, 0x0000000100000000)
  eden space 62976K, 0% used [0x00000000f5580000,0x00000000f5580000,0x00000000f9300000)
  from space 56832K, 0% used [0x00000000fc880000,0x00000000fc880000,0x0000000100000000)
  to   space 54784K, 0% used [0x00000000f9300000,0x00000000f9300000,0x00000000fc880000)
 ParOldGen       total 332800K, used 113997K [0x00000000e0000000, 0x00000000f4500000, 0x00000000f5580000)
  object space 332800K, 34% used [0x00000000e0000000,0x00000000e6f53750,0x00000000f4500000)
 Metaspace       used 134952K, capacity 152176K, committed 152448K, reserved 1181696K
  class space    used 18930K, capacity 19810K, committed 19840K, reserved 1048576K
}
Event: 96.556 GC heap before
{Heap before GC invocations=30 (full 7):
 PSYoungGen      total 119808K, used 44K [0x00000000f5580000, 0x0000000100000000, 0x0000000100000000)
  eden space 62976K, 0% used [0x00000000f5580000,0x00000000f558b3b0,0x00000000f9300000)
  from space 56832K, 0% used [0x00000000fc880000,0x00000000fc880000,0x0000000100000000)
  to   space 54784K, 0% used [0x00000000f9300000,0x00000000f9300000,0x00000000fc880000)
 ParOldGen       total 332800K, used 113997K [0x00000000e0000000, 0x00000000f4500000, 0x00000000f5580000)
  object space 332800K, 34% used [0x00000000e0000000,0x00000000e6f53750,0x00000000f4500000)
 Metaspace       used 134952K, capacity 152176K, committed 152448K, reserved 1181696K
  class space    used 18930K, capacity 19810K, committed 19840K, reserved 1048576K
Event: 96.559 GC heap after
Heap after GC invocations=30 (full 7):
 PSYoungGen      total 117760K, used 128K [0x00000000f5580000, 0x0000000100000000, 0x0000000100000000)
  eden space 62976K, 0% used [0x00000000f5580000,0x00000000f5580000,0x00000000f9300000)
  from space 54784K, 0% used [0x00000000f9300000,0x00000000f9320000,0x00000000fc880000)
  to   space 56832K, 0% used [0x00000000fc880000,0x00000000fc880000,0x0000000100000000)
 ParOldGen       total 332800K, used 113997K [0x00000000e0000000, 0x00000000f4500000, 0x00000000f5580000)
  object space 332800K, 34% used [0x00000000e0000000,0x00000000e6f53750,0x00000000f4500000)
 Metaspace       used 134952K, capacity 152176K, committed 152448K, reserved 1181696K
  class space    used 18930K, capacity 19810K, committed 19840K, reserved 1048576K
}
Event: 96.559 GC heap before
{Heap before GC invocations=31 (full 8):
 PSYoungGen      total 117760K, used 128K [0x00000000f5580000, 0x0000000100000000, 0x0000000100000000)
  eden space 62976K, 0% used [0x00000000f5580000,0x00000000f5580000,0x00000000f9300000)
  from space 54784K, 0% used [0x00000000f9300000,0x00000000f9320000,0x00000000fc880000)
  to   space 56832K, 0% used [0x00000000fc880000,0x00000000fc880000,0x0000000100000000)
 ParOldGen       total 332800K, used 113997K [0x00000000e0000000, 0x00000000f4500000, 0x00000000f5580000)
  object space 332800K, 34% used [0x00000000e0000000,0x00000000e6f53750,0x00000000f4500000)
 Metaspace       used 134952K, capacity 152176K, committed 152448K, reserved 1181696K
  class space    used 18930K, capacity 19810K, committed 19840K, reserved 1048576K
Event: 96.731 GC heap after
Heap after GC invocations=31 (full 8):
 PSYoungGen      total 117760K, used 0K [0x00000000f5580000, 0x0000000100000000, 0x0000000100000000)
  eden space 62976K, 0% used [0x00000000f5580000,0x00000000f5580000,0x00000000f9300000)
  from space 54784K, 0% used [0x00000000f9300000,0x00000000f9300000,0x00000000fc880000)
  to   space 56832K, 0% used [0x00000000fc880000,0x00000000fc880000,0x0000000100000000)
 ParOldGen       total 332800K, used 112346K [0x00000000e0000000, 0x00000000f4500000, 0x00000000f5580000)
  object space 332800K, 33% used [0x00000000e0000000,0x00000000e6db6b98,0x00000000f4500000)
 Metaspace       used 134952K, capacity 152176K, committed 152448K, reserved 1181696K
  class space    used 18930K, capacity 19810K, committed 19840K, reserved 1048576K
}
Event: 96.781 GC heap before
{Heap before GC invocations=32 (full 8):
 PSYoungGen      total 117760K, used 62976K [0x00000000f5580000, 0x0000000100000000, 0x0000000100000000)
  eden space 62976K, 100% used [0x00000000f5580000,0x00000000f9300000,0x00000000f9300000)
  from space 54784K, 0% used [0x00000000f9300000,0x00000000f9300000,0x00000000fc880000)
  to   space 56832K, 0% used [0x00000000fc880000,0x00000000fc880000,0x0000000100000000)
 ParOldGen       total 332800K, used 112346K [0x00000000e0000000, 0x00000000f4500000, 0x00000000f5580000)
  object space 332800K, 33% used [0x00000000e0000000,0x00000000e6db6b98,0x00000000f4500000)
 Metaspace       used 134966K, capacity 152200K, committed 152448K, reserved 1181696K
  class space    used 18934K, capacity 19814K, committed 19840K, reserved 1048576K
Event: 96.789 GC heap after
Heap after GC invocations=32 (full 8):
 PSYoungGen      total 115712K, used 25011K [0x00000000f5580000, 0x00000000ffc00000, 0x0000000100000000)
  eden space 62976K, 0% used [0x00000000f5580000,0x00000000f5580000,0x00000000f9300000)
  from space 52736K, 47% used [0x00000000fc880000,0x00000000fe0eceb0,0x00000000ffc00000)
  to   space 53760K, 0% used [0x00000000f9300000,0x00000000f9300000,0x00000000fc780000)
 ParOldGen       total 332800K, used 112346K [0x00000000e0000000, 0x00000000f4500000, 0x00000000f5580000)
  object space 332800K, 33% used [0x00000000e0000000,0x00000000e6db6b98,0x00000000f4500000)
 Metaspace       used 134966K, capacity 152200K, committed 152448K, reserved 1181696K
  class space    used 18934K, capacity 19814K, committed 19840K, reserved 1048576K
}

Deoptimization events (10 events):
Event: 96.132 Thread 0x00000000161b0800 Uncommon trap: reason=class_check action=maybe_recompile pc=0x0000000004357d80 method=sjsonnew.CollectionFormats$$anon$2.read(Lscala/Option;Lsjsonnew/Unbuilder;)Lscala/collection/Iterable; @ 82
Event: 96.132 Thread 0x00000000161b0800 Uncommon trap: reason=class_check action=maybe_recompile pc=0x0000000004357d80 method=sjsonnew.CollectionFormats$$anon$2.read(Lscala/Option;Lsjsonnew/Unbuilder;)Lscala/collection/Iterable; @ 82
Event: 96.132 Thread 0x00000000161b0800 Uncommon trap: reason=class_check action=maybe_recompile pc=0x0000000004384754 method=sjsonnew.CollectionFormats$$anon$2.read(Lscala/Option;Lsjsonnew/Unbuilder;)Lscala/collection/Iterable; @ 82
Event: 96.133 Thread 0x00000000161b0800 Uncommon trap: reason=speculate_class_check action=maybe_recompile pc=0x00000000043b8440 method=sjsonnew.Unbuilder.endArray()V @ 33
Event: 96.743 Thread 0x0000000011643800 Uncommon trap: reason=speculate_class_check action=maybe_recompile pc=0x00000000046edfd0 method=sjsonnew.Unbuilder.endObject()V @ 33
Event: 96.743 Thread 0x0000000011643800 Uncommon trap: reason=class_check action=maybe_recompile pc=0x00000000042f5e44 method=sjsonnew.support.scalajson.unsafe.Converter$FacadeImpl$.extractString(Ljava/lang/Object;)Ljava/lang/String; @ 2
Event: 96.749 Thread 0x0000000011640800 Uncommon trap: reason=bimorphic action=maybe_recompile pc=0x000000000494d5d8 method=scala.collection.generic.GenMapFactory.apply(Lscala/collection/Seq;)Lscala/collection/GenMap; @ 1
Event: 96.750 Thread 0x0000000011644800 Uncommon trap: reason=speculate_class_check action=maybe_recompile pc=0x00000000043b8440 method=sjsonnew.Unbuilder.endArray()V @ 33
Event: 96.750 Thread 0x000000001163d800 Uncommon trap: reason=bimorphic action=maybe_recompile pc=0x000000000399d054 method=sjsonnew.Builder.endPreObject()V @ 85
Event: 96.750 Thread 0x000000001163d800 Uncommon trap: reason=bimorphic action=maybe_recompile pc=0x000000000399d054 method=sjsonnew.Builder.endPreObject()V @ 85

Internal exceptions (10 events):
Event: 95.634 Thread 0x00000000161a1800 Exception <a 'java/lang/NoSuchMethodError': java.lang.Object.$anonfun$addForwarder$4(Lscala/reflect/internal/Symbols$Symbol;)Lscala/collection/immutable/List;> (0x00000000f561a688) thrown at [C:\re\workspace\8-2-build-windows-amd64-cygwin\jdk8u151\9699\ho
Event: 95.634 Thread 0x00000000161a1800 Exception <a 'java/lang/NoSuchMethodError': java.lang.Object.$anonfun$emitParamAnnotations$1(Lscala/tools/nsc/backend/jvm/BCodeHelpers$BCAnnotGen;Lscala/collection/immutable/List;)Lscala/collection/immutable/List;> (0x00000000f561ecc8) thrown at [C:\re\wo
Event: 95.637 Thread 0x00000000161a1800 Exception <a 'java/lang/NoSuchMethodError': java.lang.Object.$anonfun$emitParamAnnotations$2$adapted(Lscala/tools/nsc/backend/jvm/BCodeHelpers$BCAnnotGen;Lscala/reflect/internal/AnnotationInfos$AnnotationInfo;)Ljava/lang/Object;> (0x00000000f563b7f8) thro
Event: 95.639 Thread 0x00000000161a1800 Exception <a 'java/lang/NoSuchMethodError': java.lang.Object.$anonfun$count$1$adapted(Lscala/Function1;Lscala/runtime/IntRef;Ljava/lang/Object;)Ljava/lang/Object;> (0x00000000f5648358) thrown at [C:\re\workspace\8-2-build-windows-amd64-cygwin\jdk8u151\969
Event: 95.794 Thread 0x00000000161a1800 Exception <a 'java/lang/NoSuchMethodError': java.lang.Object.$anonfun$ScalaValueClassesNoUnit$1$adapted(Lscala/reflect/internal/Definitions$ValueClassDefinitions;Lscala/reflect/internal/Symbols$ClassSymbol;)Ljava/lang/Object;> (0x00000000f5ce2448) thrown 
Event: 95.922 Thread 0x00000000161a1800 Exception <a 'java/lang/NoSuchMethodError': java.lang.Object.$anonfun$outputDirectory$1(Lscala/reflect/internal/Symbols$Symbol;)Lscala/reflect/io/AbstractFile;> (0x00000000f6655e70) thrown at [C:\re\workspace\8-2-build-windows-amd64-cygwin\jdk8u151\9699\h
Event: 95.926 Thread 0x00000000161a1800 Exception <a 'java/lang/NoSuchMethodError': java.lang.Object.$anonfun$asScalaBufferConverter$1(Lscala/collection/convert/DecorateAsScala;Ljava/util/List;)Lscala/collection/mutable/Buffer;> (0x00000000f6697ae8) thrown at [C:\re\workspace\8-2-build-windows-
Event: 95.936 Thread 0x00000000161a1800 Exception <a 'java/lang/NoSuchMethodError': java.lang.Object.$anonfun$asScalaIteratorConverter$1(Lscala/collection/convert/DecorateAsScala;Ljava/util/Iterator;)Lscala/collection/Iterator;> (0x00000000f6722c70) thrown at [C:\re\workspace\8-2-build-windows-
Event: 96.118 Thread 0x00000000161b0800 Exception <a 'java/lang/NoSuchMethodError': org.slf4j.impl.StaticMarkerBinder.getSingleton()Lorg/slf4j/impl/StaticMarkerBinder;> (0x00000000f7443da0) thrown at [C:\re\workspace\8-2-build-windows-amd64-cygwin\jdk8u151\9699\hotspot\src\share\vm\interpreter\
Event: 96.147 Thread 0x00000000161b0800 Exception <a 'java/lang/NoSuchMethodError': java.lang.Object.$anonfun$getPlayCompileEverything$1(Lxsbti/compile/CompileAnalysis;)Lsbt/internal/inc/Analysis;> (0x00000000f7759810) thrown at [C:\re\workspace\8-2-build-windows-amd64-cygwin\jdk8u151\9699\hots

Events (10 events):
Event: 96.804 Thread 0x000000000f8e2800 flushing nmethod 0x0000000004c05050
Event: 96.804 Thread 0x000000000f8e2800 flushing nmethod 0x0000000004c8b150
Event: 96.804 Thread 0x000000000f8e2800 flushing nmethod 0x0000000004c8c650
Event: 96.804 Thread 0x000000000f8e2800 flushing nmethod 0x0000000004ce5710
Event: 96.804 Thread 0x000000000f8e2800 flushing nmethod 0x0000000004ceb990
Event: 96.804 Thread 0x000000000f8e2800 flushing nmethod 0x0000000004d1b310
Event: 96.805 Thread 0x000000000f8e2800 flushing nmethod 0x0000000005048b90
Event: 96.805 Thread 0x000000000f8e2800 flushing nmethod 0x00000000050c3f90
Event: 96.805 Thread 0x000000000f8e2800 flushing nmethod 0x00000000051442d0
Event: 96.805 Thread 0x000000000f8e2800 flushing nmethod 0x0000000005211f50


Dynamic libraries:
0x00007ff6258d0000 - 0x00007ff625907000 	C:\ProgramData\Oracle\Java\javapath\java.exe
0x00007ffa49fb0000 - 0x00007ffa4a18b000 	C:\WINDOWS\SYSTEM32\ntdll.dll
0x00007ffa49f00000 - 0x00007ffa49fae000 	C:\WINDOWS\System32\KERNEL32.DLL
0x00007ffa466a0000 - 0x00007ffa468e9000 	C:\WINDOWS\System32\KERNELBASE.dll
0x00007ffa49e30000 - 0x00007ffa49ed1000 	C:\WINDOWS\System32\ADVAPI32.dll
0x00007ffa49a50000 - 0x00007ffa49aed000 	C:\WINDOWS\System32\msvcrt.dll
0x00007ffa47a60000 - 0x00007ffa47ab9000 	C:\WINDOWS\System32\sechost.dll
0x00007ffa49490000 - 0x00007ffa495b5000 	C:\WINDOWS\System32\RPCRT4.dll
0x00007ffa49790000 - 0x00007ffa498da000 	C:\WINDOWS\System32\USER32.dll
0x00007ffa474f0000 - 0x00007ffa4750e000 	C:\WINDOWS\System32\win32u.dll
0x00007ffa49af0000 - 0x00007ffa49b17000 	C:\WINDOWS\System32\GDI32.dll
0x00007ffa469a0000 - 0x00007ffa46b27000 	C:\WINDOWS\System32\gdi32full.dll
0x00007ffa46bf0000 - 0x00007ffa46c8a000 	C:\WINDOWS\System32\msvcp_win.dll
0x00007ffa47390000 - 0x00007ffa47486000 	C:\WINDOWS\System32\ucrtbase.dll
0x00007ffa35e20000 - 0x00007ffa36087000 	C:\WINDOWS\WinSxS\amd64_microsoft.windows.common-controls_6595b64144ccf1df_6.0.15063.483_none_26002d27e7c744a2\COMCTL32.dll
0x00007ffa49190000 - 0x00007ffa49489000 	C:\WINDOWS\System32\combase.dll
0x00007ffa46b80000 - 0x00007ffa46bea000 	C:\WINDOWS\System32\bcryptPrimitives.dll
0x00007ffa47b80000 - 0x00007ffa47bad000 	C:\WINDOWS\System32\IMM32.DLL
0x0000000068ea0000 - 0x0000000068f72000 	C:\Program Files\Java\jre\bin\msvcr100.dll
0x0000000067720000 - 0x0000000067fbd000 	C:\Program Files\Java\jre\bin\server\jvm.dll
0x00007ffa47510000 - 0x00007ffa47518000 	C:\WINDOWS\System32\PSAPI.DLL
0x00007ffa3f720000 - 0x00007ffa3f729000 	C:\WINDOWS\SYSTEM32\WSOCK32.dll
0x00007ffa40e60000 - 0x00007ffa40e83000 	C:\WINDOWS\SYSTEM32\WINMM.dll
0x00007ffa428d0000 - 0x00007ffa428da000 	C:\WINDOWS\SYSTEM32\VERSION.dll
0x00007ffa49720000 - 0x00007ffa4978c000 	C:\WINDOWS\System32\WS2_32.dll
0x00007ffa40e30000 - 0x00007ffa40e5b000 	C:\WINDOWS\SYSTEM32\winmmbase.dll
0x00007ffa46b30000 - 0x00007ffa46b79000 	C:\WINDOWS\System32\cfgmgr32.dll
0x0000000068fe0000 - 0x0000000068fef000 	C:\Program Files\Java\jre\bin\verify.dll
0x0000000068fb0000 - 0x0000000068fd9000 	C:\Program Files\Java\jre\bin\java.dll
0x0000000068e80000 - 0x0000000068e96000 	C:\Program Files\Java\jre\bin\zip.dll
0x00007ffa47bb0000 - 0x00007ffa48fe6000 	C:\WINDOWS\System32\SHELL32.dll
0x00007ffa49bb0000 - 0x00007ffa49c5a000 	C:\WINDOWS\System32\shcore.dll
0x00007ffa46c90000 - 0x00007ffa47381000 	C:\WINDOWS\System32\windows.storage.dll
0x00007ffa47960000 - 0x00007ffa479b1000 	C:\WINDOWS\System32\shlwapi.dll
0x00007ffa46440000 - 0x00007ffa46451000 	C:\WINDOWS\System32\kernel.appcore.dll
0x00007ffa46460000 - 0x00007ffa464ac000 	C:\WINDOWS\System32\powrprof.dll
0x00007ffa464b0000 - 0x00007ffa464c5000 	C:\WINDOWS\System32\profapi.dll
0x0000000068e60000 - 0x0000000068e7a000 	C:\Program Files\Java\jre\bin\net.dll
0x00007ffa45d30000 - 0x00007ffa45d8c000 	C:\WINDOWS\system32\mswsock.dll
0x0000000068e40000 - 0x0000000068e51000 	C:\Program Files\Java\jre\bin\nio.dll
0x00007ffa45ed0000 - 0x00007ffa45ee7000 	C:\WINDOWS\SYSTEM32\CRYPTSP.dll
0x00007ffa45950000 - 0x00007ffa45984000 	C:\WINDOWS\system32\rsaenh.dll
0x00007ffa45fe0000 - 0x00007ffa46005000 	C:\WINDOWS\SYSTEM32\bcrypt.dll
0x00007ffa46320000 - 0x00007ffa46349000 	C:\WINDOWS\SYSTEM32\USERENV.dll
0x00007ffa45ef0000 - 0x00007ffa45efb000 	C:\WINDOWS\SYSTEM32\CRYPTBASE.dll
0x00007ffa45ad0000 - 0x00007ffa45b07000 	C:\WINDOWS\SYSTEM32\IPHLPAPI.DLL
0x00007ffa49710000 - 0x00007ffa49718000 	C:\WINDOWS\System32\NSI.dll
0x00007ffa3dfa0000 - 0x00007ffa3dfb6000 	C:\WINDOWS\SYSTEM32\dhcpcsvc6.DLL
0x00007ffa3df80000 - 0x00007ffa3df9a000 	C:\WINDOWS\SYSTEM32\dhcpcsvc.DLL
0x00007ffa3f370000 - 0x00007ffa3f37a000 	C:\Users\sseun\AppData\Local\Temp\jansi-64-1-912635124737320116.11
0x0000000068fa0000 - 0x0000000068fad000 	C:\Program Files\Java\jre\bin\management.dll
0x00007ffa3ed10000 - 0x00007ffa3ed26000 	C:\WINDOWS\system32\napinsp.dll
0x00007ffa3e030000 - 0x00007ffa3e04a000 	C:\WINDOWS\system32\pnrpnsp.dll
0x00007ffa3dcb0000 - 0x00007ffa3dcc8000 	C:\WINDOWS\system32\NLAapi.dll
0x00007ffa45b10000 - 0x00007ffa45bb4000 	C:\WINDOWS\SYSTEM32\DNSAPI.dll
0x00007ffa401c0000 - 0x00007ffa401ce000 	C:\WINDOWS\System32\winrnr.dll
0x00007ffa2fbb0000 - 0x00007ffa2fbc5000 	C:\WINDOWS\System32\wshbth.dll
0x00007ffa39a60000 - 0x00007ffa39a6a000 	C:\Windows\System32\rasadhlp.dll
0x00007ffa3ced0000 - 0x00007ffa3cf3b000 	C:\WINDOWS\System32\fwpuclnt.dll
0x0000000068e10000 - 0x0000000068e34000 	C:\Program Files\Java\jre\bin\sunec.dll
0x0000000068e00000 - 0x0000000068e0b000 	C:\Program Files\Java\jre\bin\sunmscapi.dll
0x00007ffa464d0000 - 0x00007ffa46699000 	C:\WINDOWS\System32\CRYPT32.dll
0x00007ffa46420000 - 0x00007ffa46431000 	C:\WINDOWS\System32\MSASN1.dll
0x00007ffa45710000 - 0x00007ffa45741000 	C:\WINDOWS\SYSTEM32\ntmarta.dll
0x00007ffa40420000 - 0x00007ffa405c9000 	C:\WINDOWS\SYSTEM32\dbghelp.dll

VM Arguments:
jvm_args: -Xmx512M -XX:MaxPermSize=256m -XX:ReservedCodeCacheSize=128m -Dsbt.log.format=true 
java_command: xsbt.boot.Boot run
java_class_path (initial): F:\Documents\GitHub\LoL-Scrims\sbt-dist\bin\sbt-launch.jar
Launcher Type: SUN_STANDARD

Environment Variables:
PATH=C:\ProgramData\Oracle\Java\javapath;C:\Windows\System32;C:\Windows;C:\Windows\System32\wbem;C:\Windows\System32\WindowsPowerShell\v1.0\;C:\Program Files (x86)\GnuPG\bin;C:\Program Files\nodejs\;C:\Program Files (x86)\sbt\bin;C:\Program Files\Java\jdk1.8.0_151\bin;C:\Program Files (x86)\Git\cmd;C:\Users\sseun\AppData\Roaming\npm;C:\Program Files\Microsoft VS Code\bin;C:\Users\sseun\AppData\Local\GitHubDesktop\bin;C:\Users\sseun\AppData\Local\Microsoft\WindowsApps;C:\Program Files\Java\jdk1.8.0_151\bin;
USERNAME=Kang
OS=Windows_NT
PROCESSOR_IDENTIFIER=Intel64 Family 6 Model 60 Stepping 3, GenuineIntel



---------------  S Y S T E M  ---------------

OS: Windows 10.0 , 64 bit Build 15063 (10.0.15063.296)

CPU:total 8 (initial active 8) (4 cores per cpu, 2 threads per core) family 6 model 60 stepping 3, cmov, cx8, fxsr, mmx, sse, sse2, sse3, ssse3, sse4.1, sse4.2, popcnt, avx, avx2, aes, clmul, erms, lzcnt, ht, tsc, tscinvbit, bmi1, bmi2

Memory: 4k page, physical 16698948k(9815924k free), swap 19713604k(10160400k free)

vm_info: Java HotSpot(TM) 64-Bit Server VM (25.151-b12) for windows-amd64 JRE (1.8.0_151-b12), built on Sep  5 2017 19:33:46 by "java_re" with MS VC++ 10.0 (VS2010)

time: Sun Oct 29 16:32:30 2017
elapsed time: 96 seconds (0d 0h 1m 36s)

